
## ---------------------- ##
## Running config.status. ##
## ---------------------- ##

This file was extended by TileDB-R config.status 0.21.1, which was
generated by GNU Autoconf 2.71.  Invocation command line was

  CONFIG_FILES    = 
  CONFIG_HEADERS  = 
  CONFIG_LINKS    = 
  CONFIG_COMMANDS = 
  $ ./config.status 

on 061a359294cd

config.status:712: error: cannot find input file: `src/Makevars.in'

## ---------------- ##
## Cache variables. ##
## ---------------- ##

ac_cv_cxx_compiler_gnu=yes
ac_cv_env_CCC_set=
ac_cv_env_CCC_value=
ac_cv_env_CPPFLAGS_set=
ac_cv_env_CPPFLAGS_value=
ac_cv_env_CXXCPP_set=
ac_cv_env_CXXCPP_value=
ac_cv_env_CXXFLAGS_set=set
ac_cv_env_CXXFLAGS_value='-g -O2 -ffile-prefix-map=/build/r-base-H0vbME/r-base-4.3.2=. -fstack-protector-strong -Wformat -Werror=format-security -Wdate-time -D_FORTIFY_SOURCE=2'
ac_cv_env_CXX_set=set
ac_cv_env_CXX_value='g++ -std=gnu++17'
ac_cv_env_LDFLAGS_set=set
ac_cv_env_LDFLAGS_value='-Wl,-Bsymbolic-functions -flto=auto -ffat-lto-objects -flto=auto -Wl,-z,relro'
ac_cv_env_LIBS_set=
ac_cv_env_LIBS_value=
ac_cv_env_build_alias_set=
ac_cv_env_build_alias_value=
ac_cv_env_host_alias_set=
ac_cv_env_host_alias_value=
ac_cv_env_target_alias_set=
ac_cv_env_target_alias_value=
ac_cv_header_filesystem=yes
ac_cv_header_inttypes_h=yes
ac_cv_header_stdint_h=yes
ac_cv_header_stdio_h=yes
ac_cv_header_stdlib_h=yes
ac_cv_header_string_h=yes
ac_cv_header_strings_h=yes
ac_cv_header_sys_stat_h=yes
ac_cv_header_sys_types_h=yes
ac_cv_header_tiledb_tiledb=no
ac_cv_header_unistd_h=yes
ac_cv_objext=o
ac_cv_path_have_pkg_config=/usr/bin/pkg-config
ac_cv_prog_CXXCPP='g++ -std=gnu++17 -E'
ac_cv_prog_cxx_cxx11=
ac_cv_prog_cxx_g=yes
ac_cv_prog_cxx_stdcxx=
ax_cv_cxx_compile_cxx17=yes

## ----------------- ##
## Output variables. ##
## ----------------- ##

CPPFLAGS=' -I../inst/tiledb/include  '
CXX17_MACOS=''
CXX='g++ -std=gnu++17'
CXXCPP='g++ -std=gnu++17 -E'
CXXFLAGS='-g -O2 -ffile-prefix-map=/build/r-base-H0vbME/r-base-4.3.2=. -fstack-protector-strong -Wformat -Werror=format-security -Wdate-time -D_FORTIFY_SOURCE=2'
DEFS=''
ECHO_C=''
ECHO_N='-n'
ECHO_T=''
EXEEXT=''
FILESYSTEM_HEADER_MISSSING=''
HAVE_CXX17='1'
LDFLAGS='-Wl,-Bsymbolic-functions -flto=auto -ffat-lto-objects -flto=auto -Wl,-z,relro -ltiledb -L../inst/tiledb/lib  -Wl,-rpath,'\''$$ORIGIN/../tiledb/lib'\'''
LIBOBJS=''
LIBS=''
LTLIBOBJS=''
OBJEXT='o'
PACKAGE_BUGREPORT=''
PACKAGE_NAME='TileDB-R'
PACKAGE_STRING='TileDB-R 0.21.1'
PACKAGE_TARNAME='tiledb-r'
PACKAGE_URL=''
PACKAGE_VERSION='0.21.1'
PATH_SEPARATOR=':'
SHELL='/bin/bash'
TILEDB_INCLUDE='-I../inst/tiledb/include  '
TILEDB_LIBS='-ltiledb -L../inst/tiledb/lib'
TILEDB_LIB_URL='https://github.com/TileDB-Inc/TileDB/archive/refs/tags/2.18.1.tar.gz'
TILEDB_RPATH=' -Wl,-rpath,'\''$$ORIGIN/../tiledb/lib'\'''
TILEDB_SILENT_BUILD='-DTILEDB_SILENT_BUILD'
ac_ct_CXX=''
bindir='${exec_prefix}/bin'
build_alias=''
datadir='${datarootdir}'
datarootdir='${prefix}/share'
docdir='${datarootdir}/doc/${PACKAGE_TARNAME}'
dvidir='${docdir}'
exec_prefix='${prefix}'
have_cmake=''
have_curl=''
have_git=''
have_pkg_config='no'
host_alias=''
htmldir='${docdir}'
includedir='${prefix}/include'
infodir='${datarootdir}/info'
libdir='${exec_prefix}/lib'
libexecdir='${exec_prefix}/libexec'
localedir='${datarootdir}/locale'
localstatedir='${prefix}/var'
mandir='${datarootdir}/man'
oldincludedir='/usr/include'
pdfdir='${docdir}'
prefix='/usr/local'
program_transform_name='s,x,x,'
psdir='${docdir}'
runstatedir='${localstatedir}/run'
sbindir='${exec_prefix}/sbin'
sharedstatedir='${prefix}/com'
sysconfdir='${prefix}/etc'
target_alias=''

configure: exit 1
